[0.016s] Invoking command in '/home/mark/thesis/build/slam_1_pc-process': CMAKE_PREFIX_PATH=${CMAKE_PREFIX_PATH}:/home/mark/ros_ws/install/my_ros_01:/home/mark/ros_ws/install/my_package:/home/mark/ros_ws/install/lifecycle_py:/opt/ros/humble /usr/bin/cmake /home/mark/thesis/src/slam_1_pc-process -DCMAKE_INSTALL_PREFIX=/home/mark/thesis/install/slam_1_pc-process
[0.036s] -- Found ament_cmake: 1.3.9 (/opt/ros/humble/share/ament_cmake/cmake)
[0.236s] -- Eigen found (include: /usr/include/eigen3, version: 3.4.0)
[0.290s] -- FLANN found (include: /usr/include, lib: /usr/lib/x86_64-linux-gnu/libflann_cpp.so)
[0.697s] -- OpenNI found (version: 1.5.4.0, include: /usr/include/ni, lib: /usr/lib/libOpenNI.so;libusb::libusb)
[0.705s] -- OpenNI2 found (version: 2.2.0.33, include: /usr/include/openni2, lib: /usr/lib/x86_64-linux-gnu/libOpenNI2.so;libusb::libusb)
[0.705s] [0m** WARNING ** io features related to pcap will be disabled[0m
[0.914s] -- Eigen found (include: /usr/include/eigen3, version: 3.4.0)
[0.923s] -- OpenNI found (version: 1.5.4.0, include: /usr/include/ni, lib: /usr/lib/libOpenNI.so;libusb::libusb)
[0.931s] -- OpenNI2 found (version: 2.2.0.33, include: /usr/include/openni2, lib: /usr/lib/x86_64-linux-gnu/libOpenNI2.so;libusb::libusb)
[1.141s] -- Found Qhull version 8.0.2
[1.345s] -- OpenNI found (version: 1.5.4.0, include: /usr/include/ni, lib: /usr/lib/libOpenNI.so;libusb::libusb)
[1.545s] -- looking for PCL_COMMON
[1.546s] -- looking for PCL_KDTREE
[1.546s] -- looking for PCL_OCTREE
[1.547s] -- looking for PCL_SEARCH
[1.547s] -- looking for PCL_SAMPLE_CONSENSUS
[1.548s] -- looking for PCL_FILTERS
[1.548s] -- looking for PCL_2D
[1.549s] -- looking for PCL_GEOMETRY
[1.549s] -- looking for PCL_IO
[1.550s] -- looking for PCL_FEATURES
[1.551s] -- looking for PCL_ML
[1.551s] -- looking for PCL_SEGMENTATION
[1.552s] -- looking for PCL_VISUALIZATION
[1.553s] -- looking for PCL_SURFACE
[1.553s] -- looking for PCL_REGISTRATION
[1.554s] -- looking for PCL_KEYPOINTS
[1.555s] -- looking for PCL_TRACKING
[1.555s] -- looking for PCL_RECOGNITION
[1.556s] -- looking for PCL_STEREO
[1.557s] -- looking for PCL_APPS
[1.558s] -- looking for PCL_IN_HAND_SCANNER
[1.558s] -- looking for PCL_MODELER
[1.559s] -- looking for PCL_POINT_CLOUD_EDITOR
[1.559s] -- looking for PCL_OUTOFCORE
[1.560s] -- looking for PCL_PEOPLE
[1.562s] -- Found rclcpp: 16.0.9 (/opt/ros/humble/share/rclcpp/cmake)
[1.593s] -- Found rosidl_generator_c: 3.1.5 (/opt/ros/humble/share/rosidl_generator_c/cmake)
[1.596s] -- Found rosidl_adapter: 3.1.5 (/opt/ros/humble/share/rosidl_adapter/cmake)
[1.604s] -- Found rosidl_generator_cpp: 3.1.5 (/opt/ros/humble/share/rosidl_generator_cpp/cmake)
[1.619s] -- Using all available rosidl_typesupport_c: rosidl_typesupport_fastrtps_c;rosidl_typesupport_introspection_c
[1.642s] -- Using all available rosidl_typesupport_cpp: rosidl_typesupport_fastrtps_cpp;rosidl_typesupport_introspection_cpp
[1.721s] -- Found rmw_implementation_cmake: 6.1.2 (/opt/ros/humble/share/rmw_implementation_cmake/cmake)
[1.723s] -- Found rmw_fastrtps_cpp: 6.2.6 (/opt/ros/humble/share/rmw_fastrtps_cpp/cmake)
[1.896s] -- Using RMW implementation 'rmw_fastrtps_cpp' as default
[2.209s] -- Configuring done
[2.270s] -- Generating done
[2.273s] -- Build files have been written to: /home/mark/thesis/build/slam_1_pc-process
[2.298s] Invoked command in '/home/mark/thesis/build/slam_1_pc-process' returned '0': CMAKE_PREFIX_PATH=${CMAKE_PREFIX_PATH}:/home/mark/ros_ws/install/my_ros_01:/home/mark/ros_ws/install/my_package:/home/mark/ros_ws/install/lifecycle_py:/opt/ros/humble /usr/bin/cmake /home/mark/thesis/src/slam_1_pc-process -DCMAKE_INSTALL_PREFIX=/home/mark/thesis/install/slam_1_pc-process
[2.302s] Invoking command in '/home/mark/thesis/build/slam_1_pc-process': CMAKE_PREFIX_PATH=${CMAKE_PREFIX_PATH}:/home/mark/ros_ws/install/my_ros_01:/home/mark/ros_ws/install/my_package:/home/mark/ros_ws/install/lifecycle_py:/opt/ros/humble /usr/bin/cmake --build /home/mark/thesis/build/slam_1_pc-process -- -j4 -l4
[2.371s] [ 50%] [32mBuilding CXX object CMakeFiles/import_pcd.dir/src/1_import_pcd.cpp.o[0m
[6.600s] [01m[K/home/mark/thesis/src/slam_1_pc-process/src/1_import_pcd.cpp:[m[K In function â€˜[01m[Kint main()[m[Kâ€™:
[6.600s] [01m[K/home/mark/thesis/src/slam_1_pc-process/src/1_import_pcd.cpp:13:9:[m[K [01;31m[Kerror: [m[Kexpected â€˜[01m[K,[m[Kâ€™ or â€˜[01m[K;[m[Kâ€™ before â€˜[01m[Kstd[m[Kâ€™
[6.600s]    13 |         [01;31m[Kstd[m[K::filesystem::path ros2_ws_path    = std::filesystem::current_path();
[6.600s]       |         [01;31m[K^~~[m[K
[6.611s] [01m[K/home/mark/thesis/src/slam_1_pc-process/src/1_import_pcd.cpp:14:45:[m[K [01;31m[Kerror: [m[Kâ€˜[01m[Kros2_ws_path[m[Kâ€™ was not declared in this scope
[6.611s]    14 |     std::filesystem::path point_cloud_dir = [01;31m[Kros2_ws_path[m[K/"src"/pcd_folder_name;
[6.611s]       |                                             [01;31m[K^~~~~~~~~~~~[m[K
[7.185s] gmake[2]: *** [CMakeFiles/import_pcd.dir/build.make:76: CMakeFiles/import_pcd.dir/src/1_import_pcd.cpp.o] Error 1
[7.185s] gmake[1]: *** [CMakeFiles/Makefile2:137: CMakeFiles/import_pcd.dir/all] Error 2
[7.185s] gmake: *** [Makefile:146: all] Error 2
[7.188s] Invoked command in '/home/mark/thesis/build/slam_1_pc-process' returned '2': CMAKE_PREFIX_PATH=${CMAKE_PREFIX_PATH}:/home/mark/ros_ws/install/my_ros_01:/home/mark/ros_ws/install/my_package:/home/mark/ros_ws/install/lifecycle_py:/opt/ros/humble /usr/bin/cmake --build /home/mark/thesis/build/slam_1_pc-process -- -j4 -l4
