[0.050s] Invoking command in '/home/mark/thesis/build/slam_1_pc-process': CMAKE_PREFIX_PATH=${CMAKE_PREFIX_PATH}:/home/mark/ros_ws/install/my_ros_01:/home/mark/ros_ws/install/my_package:/home/mark/ros_ws/install/lifecycle_py:/opt/ros/humble /usr/bin/cmake --build /home/mark/thesis/build/slam_1_pc-process -- -j4 -l4
[0.434s] [ 16%] Built target 3_voxel_grid
[0.443s] [ 33%] Built target 2_manual_pcd
[0.446s] [ 50%] Built target 1_import_pcd
[0.465s] [ 66%] Built target 4_passthrough
[0.628s] [35m[1mConsolidate compiler generated dependencies of target 6_clustering[0m
[0.714s] [ 83%] Built target 5_segmentation
[0.879s] [ 91%] [32mBuilding CXX object CMakeFiles/6_clustering.dir/src/6_clustering.cpp.o[0m
[7.010s] [01m[K/home/mark/thesis/src/slam_1_pc-process/src/6_clustering.cpp:[m[K In function â€˜[01m[Kint main()[m[Kâ€™:
[7.011s] [01m[K/home/mark/thesis/src/slam_1_pc-process/src/6_clustering.cpp:90:45:[m[K [01;31m[Kerror: [m[Kâ€˜[01m[Kpath_temp[m[Kâ€™ was not declared in this scope
[7.011s]    90 |                 export_pcd(cloud_name.str(),[01;31m[Kpath_temp[m[K,cylinder_cloud);
[7.011s]       |                                             [01;31m[K^~~~~~~~~[m[K
[8.762s] gmake[2]: *** [CMakeFiles/6_clustering.dir/build.make:76: CMakeFiles/6_clustering.dir/src/6_clustering.cpp.o] Error 1
[8.763s] gmake[1]: *** [CMakeFiles/Makefile2:277: CMakeFiles/6_clustering.dir/all] Error 2
[8.763s] gmake: *** [Makefile:146: all] Error 2
[8.767s] Invoked command in '/home/mark/thesis/build/slam_1_pc-process' returned '2': CMAKE_PREFIX_PATH=${CMAKE_PREFIX_PATH}:/home/mark/ros_ws/install/my_ros_01:/home/mark/ros_ws/install/my_package:/home/mark/ros_ws/install/lifecycle_py:/opt/ros/humble /usr/bin/cmake --build /home/mark/thesis/build/slam_1_pc-process -- -j4 -l4
