[0.028s] Invoking command in '/home/mark/thesis/build/slam_1_pc-process': CMAKE_PREFIX_PATH=${CMAKE_PREFIX_PATH}:/home/mark/ros_ws/install/my_ros_01:/home/mark/ros_ws/install/my_package:/home/mark/ros_ws/install/lifecycle_py:/opt/ros/humble /usr/bin/cmake --build /home/mark/thesis/build/slam_1_pc-process -- -j4 -l4
[0.277s] [ 16%] Built target 2_manual_pcd
[0.314s] [ 33%] Built target 3_voxel_grid
[0.349s] [ 50%] Built target 1_import_pcd
[0.378s] [ 66%] Built target 4_passthrough
[0.489s] [35m[1mConsolidate compiler generated dependencies of target 6_clustering[0m
[0.515s] [ 83%] Built target 5_segmentation
[0.627s] [ 91%] [32mBuilding CXX object CMakeFiles/6_clustering.dir/src/6_clustering.cpp.o[0m
[7.221s] [01m[K/home/mark/thesis/src/slam_1_pc-process/src/6_clustering.cpp:[m[K In function â€˜[01m[Kint main()[m[Kâ€™:
[7.221s] [01m[K/home/mark/thesis/src/slam_1_pc-process/src/6_clustering.cpp:89:72:[m[K [01;31m[Kerror: [m[Kcannot bind non-const lvalue reference of type â€˜[01m[Kstd::string&[m[Kâ€™ {aka â€˜[01m[Kstd::__cxx11::basic_string<char>&[m[Kâ€™} to an rvalue of type â€˜[01m[Kstd::string[m[Kâ€™ {aka â€˜[01m[Kstd::__cxx11::basic_string<char>[m[Kâ€™}
[7.221s]    89 | t_pcd(cloud_name.str(),[01;31m[Kpath_dir_pcd.generic_string()[m[K,cylinder_cloud);
[7.221s]       |                        [01;31m[K~~~~~~~~~~~~~~~~~~~~~~~~~~~^~[m[K
[7.221s] 
[7.222s] [01m[K/home/mark/thesis/src/slam_1_pc-process/src/6_clustering.cpp:19:59:[m[K [01;36m[Knote: [m[K  initializing argument 2 of â€˜[01m[Kvoid export_pcd(const string&, std::string&, pcl::PointCloud<pcl::PointXYZ>::Ptr)[m[Kâ€™
[7.222s]    19 | ort_pcd(const std::string& file_name,[01;36m[Kstd::string& path[m[K, pcl::PointCloud<PointT>::Ptr cloud_arg){
[7.222s]       |                                      [01;36m[K~~~~~~~~~~~~~^~~~[m[K
[7.222s] 
[8.942s] gmake[2]: *** [CMakeFiles/6_clustering.dir/build.make:76: CMakeFiles/6_clustering.dir/src/6_clustering.cpp.o] Error 1
[8.943s] gmake[1]: *** [CMakeFiles/Makefile2:277: CMakeFiles/6_clustering.dir/all] Error 2
[8.943s] gmake: *** [Makefile:146: all] Error 2
[8.946s] Invoked command in '/home/mark/thesis/build/slam_1_pc-process' returned '2': CMAKE_PREFIX_PATH=${CMAKE_PREFIX_PATH}:/home/mark/ros_ws/install/my_ros_01:/home/mark/ros_ws/install/my_package:/home/mark/ros_ws/install/lifecycle_py:/opt/ros/humble /usr/bin/cmake --build /home/mark/thesis/build/slam_1_pc-process -- -j4 -l4
