[0.036s] Invoking command in '/home/mark/thesis/build/slam_1_pc-process': CMAKE_PREFIX_PATH=${CMAKE_PREFIX_PATH}:/home/mark/ros_ws/install/my_ros_01:/home/mark/ros_ws/install/my_package:/home/mark/ros_ws/install/lifecycle_py:/opt/ros/humble /usr/bin/cmake --build /home/mark/thesis/build/slam_1_pc-process -- -j4 -l4
[0.183s] [ 50%] Built target 1_import_pcd
[0.207s] [ 75%] [32mBuilding CXX object CMakeFiles/2_manual_pcd.dir/src/2_manual_pcd.cpp.o[0m
[5.237s] [01m[K/home/mark/thesis/src/slam_1_pc-process/src/2_manual_pcd.cpp:[m[K In function â€˜[01m[Kint main()[m[Kâ€™:
[5.237s] [01m[K/home/mark/thesis/src/slam_1_pc-process/src/2_manual_pcd.cpp:24:42:[m[K [01;31m[Kerror: [m[Kâ€˜[01m[Kpcd_file_path[m[Kâ€™ was not declared in this scope
[5.237s]    24 |     std::cout << "Manually created: " << [01;31m[Kpcd_file_path[m[K << std::endl;
[5.238s]       |                                          [01;31m[K^~~~~~~~~~~~~[m[K
[5.668s] gmake[2]: *** [CMakeFiles/2_manual_pcd.dir/build.make:76: CMakeFiles/2_manual_pcd.dir/src/2_manual_pcd.cpp.o] Error 1
[5.669s] gmake[1]: *** [CMakeFiles/Makefile2:165: CMakeFiles/2_manual_pcd.dir/all] Error 2
[5.669s] gmake: *** [Makefile:146: all] Error 2
[5.672s] Invoked command in '/home/mark/thesis/build/slam_1_pc-process' returned '2': CMAKE_PREFIX_PATH=${CMAKE_PREFIX_PATH}:/home/mark/ros_ws/install/my_ros_01:/home/mark/ros_ws/install/my_package:/home/mark/ros_ws/install/lifecycle_py:/opt/ros/humble /usr/bin/cmake --build /home/mark/thesis/build/slam_1_pc-process -- -j4 -l4
