[0.027s] Invoking command in '/home/mark/thesis/build/slam_1_pc-process': CMAKE_PREFIX_PATH=${CMAKE_PREFIX_PATH}:/home/mark/ros_ws/install/my_ros_01:/home/mark/ros_ws/install/my_package:/home/mark/ros_ws/install/lifecycle_py:/opt/ros/humble /usr/bin/cmake --build /home/mark/thesis/build/slam_1_pc-process -- -j4 -l4
[0.099s] -- Found ament_cmake: 1.3.9 (/opt/ros/humble/share/ament_cmake/cmake)
[0.389s] -- Eigen found (include: /usr/include/eigen3, version: 3.4.0)
[0.468s] -- FLANN found (include: /usr/include, lib: /usr/lib/x86_64-linux-gnu/libflann_cpp.so)
[1.281s] -- OpenNI found (version: 1.5.4.0, include: /usr/include/ni, lib: /usr/lib/libOpenNI.so;libusb::libusb)
[1.293s] -- OpenNI2 found (version: 2.2.0.33, include: /usr/include/openni2, lib: /usr/lib/x86_64-linux-gnu/libOpenNI2.so;libusb::libusb)
[1.294s] [0m** WARNING ** io features related to pcap will be disabled[0m
[1.587s] -- Eigen found (include: /usr/include/eigen3, version: 3.4.0)
[1.597s] -- OpenNI found (version: 1.5.4.0, include: /usr/include/ni, lib: /usr/lib/libOpenNI.so;libusb::libusb)
[1.610s] -- OpenNI2 found (version: 2.2.0.33, include: /usr/include/openni2, lib: /usr/lib/x86_64-linux-gnu/libOpenNI2.so;libusb::libusb)
[1.977s] -- Found Qhull version 8.0.2
[2.222s] -- OpenNI found (version: 1.5.4.0, include: /usr/include/ni, lib: /usr/lib/libOpenNI.so;libusb::libusb)
[2.533s] -- looking for PCL_COMMON
[2.536s] -- looking for PCL_KDTREE
[2.536s] -- looking for PCL_OCTREE
[2.538s] -- looking for PCL_SEARCH
[2.539s] -- looking for PCL_SAMPLE_CONSENSUS
[2.540s] -- looking for PCL_FILTERS
[2.542s] -- looking for PCL_2D
[2.544s] -- looking for PCL_GEOMETRY
[2.544s] -- looking for PCL_IO
[2.545s] -- looking for PCL_FEATURES
[2.547s] -- looking for PCL_ML
[2.550s] -- looking for PCL_SEGMENTATION
[2.553s] -- looking for PCL_VISUALIZATION
[2.555s] -- looking for PCL_SURFACE
[2.556s] -- looking for PCL_REGISTRATION
[2.558s] -- looking for PCL_KEYPOINTS
[2.561s] -- looking for PCL_TRACKING
[2.562s] -- looking for PCL_RECOGNITION
[2.563s] -- looking for PCL_STEREO
[2.564s] -- looking for PCL_APPS
[2.566s] -- looking for PCL_IN_HAND_SCANNER
[2.567s] -- looking for PCL_MODELER
[2.567s] -- looking for PCL_POINT_CLOUD_EDITOR
[2.570s] -- looking for PCL_OUTOFCORE
[2.571s] -- looking for PCL_PEOPLE
[2.575s] -- Found rclcpp: 16.0.9 (/opt/ros/humble/share/rclcpp/cmake)
[2.685s] -- Found rosidl_generator_c: 3.1.5 (/opt/ros/humble/share/rosidl_generator_c/cmake)
[2.692s] -- Found rosidl_adapter: 3.1.5 (/opt/ros/humble/share/rosidl_adapter/cmake)
[2.706s] -- Found rosidl_generator_cpp: 3.1.5 (/opt/ros/humble/share/rosidl_generator_cpp/cmake)
[2.739s] -- Using all available rosidl_typesupport_c: rosidl_typesupport_fastrtps_c;rosidl_typesupport_introspection_c
[2.806s] -- Using all available rosidl_typesupport_cpp: rosidl_typesupport_fastrtps_cpp;rosidl_typesupport_introspection_cpp
[2.928s] -- Found rmw_implementation_cmake: 6.1.2 (/opt/ros/humble/share/rmw_implementation_cmake/cmake)
[2.932s] -- Found rmw_fastrtps_cpp: 6.2.6 (/opt/ros/humble/share/rmw_fastrtps_cpp/cmake)
[3.155s] -- Using RMW implementation 'rmw_fastrtps_cpp' as default
[3.597s] -- Configuring done
[3.666s] -- Generating done
[3.671s] -- Build files have been written to: /home/mark/thesis/build/slam_1_pc-process
[3.755s] [35m[1mConsolidate compiler generated dependencies of target import_pcd[0m
[3.780s] [ 25%] [32mBuilding CXX object CMakeFiles/manual_pcd.dir/src/2_manual_pcd.cpp.o[0m
[3.809s] [ 50%] [32mBuilding CXX object CMakeFiles/import_pcd.dir/src/1_import_pcd.cpp.o[0m
[11.007s] [01m[K/home/mark/thesis/src/slam_1_pc-process/src/2_manual_pcd.cpp:[m[K In function â€˜[01m[Kint main()[m[Kâ€™:
[11.008s] [01m[K/home/mark/thesis/src/slam_1_pc-process/src/2_manual_pcd.cpp:17:14:[m[K [01;31m[Kerror: [m[Kâ€˜[01m[Kstd::filesystem[m[Kâ€™ has not been declared
[11.008s]    17 |         std::[01;31m[Kfilesystem[m[K::path path_ros_ws    = std::filesystem::current_path();
[11.008s]       |              [01;31m[K^~~~~~~~~~[m[K
[11.008s] [01m[K/home/mark/thesis/src/slam_1_pc-process/src/2_manual_pcd.cpp:18:10:[m[K [01;31m[Kerror: [m[Kâ€˜[01m[Kstd::filesystem[m[Kâ€™ has not been declared
[11.009s]    18 |     std::[01;31m[Kfilesystem[m[K::path path_dir_pcd = path_ros_ws/"src"/pcd_dir_name;
[11.009s]       |          [01;31m[K^~~~~~~~~~[m[K
[11.028s] [01m[K/home/mark/thesis/src/slam_1_pc-process/src/2_manual_pcd.cpp:19:45:[m[K [01;31m[Kerror: [m[Kâ€˜[01m[Kpath_dir_pcd[m[Kâ€™ was not declared in this scope
[11.028s]    19 |     std::string pcd_file_path             = [01;31m[Kpath_dir_pcd[m[K/pcd_file_name;
[11.028s]       |                                             [01;31m[K^~~~~~~~~~~~[m[K
[11.718s] gmake[2]: *** [CMakeFiles/manual_pcd.dir/build.make:76: CMakeFiles/manual_pcd.dir/src/2_manual_pcd.cpp.o] Error 1
[11.719s] gmake[1]: *** [CMakeFiles/Makefile2:165: CMakeFiles/manual_pcd.dir/all] Error 2
[11.719s] gmake[1]: *** Waiting for unfinished jobs....
[12.333s] [ 75%] [32m[1mLinking CXX executable import_pcd[0m
[13.410s] [ 75%] Built target import_pcd
[13.412s] gmake: *** [Makefile:146: all] Error 2
[13.418s] Invoked command in '/home/mark/thesis/build/slam_1_pc-process' returned '2': CMAKE_PREFIX_PATH=${CMAKE_PREFIX_PATH}:/home/mark/ros_ws/install/my_ros_01:/home/mark/ros_ws/install/my_package:/home/mark/ros_ws/install/lifecycle_py:/opt/ros/humble /usr/bin/cmake --build /home/mark/thesis/build/slam_1_pc-process -- -j4 -l4
