[01m[K/home/mark/thesis/src/slam_1_pc-process/src/2_manual_pcd.cpp:[m[K In function â€˜[01m[Kint main()[m[Kâ€™:
[01m[K/home/mark/thesis/src/slam_1_pc-process/src/2_manual_pcd.cpp:25:24:[m[K [01;31m[Kerror: [m[Kâ€˜[01m[KPointT[m[Kâ€™ was not declared in this scope
   25 |     cloud_writer.write<[01;31m[KPointT[m[K>(path_export,*voxel_cloud)
      |                        [01;31m[K^~~~~~[m[K
[01m[K/home/mark/thesis/src/slam_1_pc-process/src/2_manual_pcd.cpp:25:45:[m[K [01;31m[Kerror: [m[Kâ€˜[01m[Kvoxel_cloud[m[Kâ€™ was not declared in this scope
   25 |     cloud_writer.write<PointT>(path_export,*[01;31m[Kvoxel_cloud[m[K)
      |                                             [01;31m[K^~~~~~~~~~~[m[K
gmake[2]: *** [CMakeFiles/2_manual_pcd.dir/build.make:76: CMakeFiles/2_manual_pcd.dir/src/2_manual_pcd.cpp.o] Error 1
gmake[1]: *** [CMakeFiles/Makefile2:167: CMakeFiles/2_manual_pcd.dir/all] Error 2
gmake[1]: *** Waiting for unfinished jobs....
[01m[K/home/mark/thesis/src/slam_1_pc-process/src/3_voxel.cpp:[m[K In function â€˜[01m[Kint main()[m[Kâ€™:
[01m[K/home/mark/thesis/src/slam_1_pc-process/src/3_voxel.cpp:45:57:[m[K [01;31m[Kerror: [m[Kexpected â€˜[01m[K;[m[Kâ€™ before â€˜[01m[Kreturn[m[Kâ€™
   45 |     cloud_writer.write<PointT>(path_export,*voxel_cloud)
      |                                                         [01;31m[K^[m[K
      |                                                         [32m[K;[m[K
   46 | 
   47 |   [32m[Kreturn[m[K 0;
      |   [32m[K~~~~~~[m[K                                                 
gmake[2]: *** [CMakeFiles/3_voxel.dir/build.make:76: CMakeFiles/3_voxel.dir/src/3_voxel.cpp.o] Error 1
gmake[1]: *** [CMakeFiles/Makefile2:193: CMakeFiles/3_voxel.dir/all] Error 2
gmake: *** [Makefile:146: all] Error 2
