[0.041s] Invoking command in '/home/mark/thesis/build/slam_1_pc-process': CMAKE_PREFIX_PATH=${CMAKE_PREFIX_PATH}:/home/mark/ros_ws/install/my_ros_01:/home/mark/ros_ws/install/my_package:/home/mark/ros_ws/install/lifecycle_py:/opt/ros/humble /usr/bin/cmake --build /home/mark/thesis/build/slam_1_pc-process -- -j4 -l4
[0.233s] [35m[1mConsolidate compiler generated dependencies of target 3_voxel[0m
[0.260s] [35m[1mConsolidate compiler generated dependencies of target 1_import_pcd[0m
[0.446s] [ 16%] [32mBuilding CXX object CMakeFiles/3_voxel.dir/src/3_voxel.cpp.o[0m
[0.489s] [ 33%] [32mBuilding CXX object CMakeFiles/2_manual_pcd.dir/src/2_manual_pcd.cpp.o[0m
[0.494s] [ 50%] [32mBuilding CXX object CMakeFiles/1_import_pcd.dir/src/1_import_pcd.cpp.o[0m
[8.193s] [01m[K/home/mark/thesis/src/slam_1_pc-process/src/2_manual_pcd.cpp:[m[K In function â€˜[01m[Kint main()[m[Kâ€™:
[8.193s] [01m[K/home/mark/thesis/src/slam_1_pc-process/src/2_manual_pcd.cpp:25:24:[m[K [01;31m[Kerror: [m[Kâ€˜[01m[KPointT[m[Kâ€™ was not declared in this scope
[8.194s]    25 |     cloud_writer.write<[01;31m[KPointT[m[K>(path_export,*voxel_cloud)
[8.194s]       |                        [01;31m[K^~~~~~[m[K
[8.210s] [01m[K/home/mark/thesis/src/slam_1_pc-process/src/2_manual_pcd.cpp:25:45:[m[K [01;31m[Kerror: [m[Kâ€˜[01m[Kvoxel_cloud[m[Kâ€™ was not declared in this scope
[8.211s]    25 |     cloud_writer.write<PointT>(path_export,*[01;31m[Kvoxel_cloud[m[K)
[8.211s]       |                                             [01;31m[K^~~~~~~~~~~[m[K
[8.823s] gmake[2]: *** [CMakeFiles/2_manual_pcd.dir/build.make:76: CMakeFiles/2_manual_pcd.dir/src/2_manual_pcd.cpp.o] Error 1
[8.824s] gmake[1]: *** [CMakeFiles/Makefile2:167: CMakeFiles/2_manual_pcd.dir/all] Error 2
[8.824s] gmake[1]: *** Waiting for unfinished jobs....
[9.031s] [01m[K/home/mark/thesis/src/slam_1_pc-process/src/3_voxel.cpp:[m[K In function â€˜[01m[Kint main()[m[Kâ€™:
[9.031s] [01m[K/home/mark/thesis/src/slam_1_pc-process/src/3_voxel.cpp:45:57:[m[K [01;31m[Kerror: [m[Kexpected â€˜[01m[K;[m[Kâ€™ before â€˜[01m[Kreturn[m[Kâ€™
[9.032s]    45 |     cloud_writer.write<PointT>(path_export,*voxel_cloud)
[9.032s]       |                                                         [01;31m[K^[m[K
[9.032s]       |                                                         [32m[K;[m[K
[9.032s]    46 | 
[9.032s]    47 |   [32m[Kreturn[m[K 0;
[9.032s]       |   [32m[K~~~~~~[m[K                                                 
[9.468s] [ 66%] [32m[1mLinking CXX executable 1_import_pcd[0m
[9.862s] gmake[2]: *** [CMakeFiles/3_voxel.dir/build.make:76: CMakeFiles/3_voxel.dir/src/3_voxel.cpp.o] Error 1
[9.862s] gmake[1]: *** [CMakeFiles/Makefile2:193: CMakeFiles/3_voxel.dir/all] Error 2
[10.427s] [ 66%] Built target 1_import_pcd
[10.429s] gmake: *** [Makefile:146: all] Error 2
[10.434s] Invoked command in '/home/mark/thesis/build/slam_1_pc-process' returned '2': CMAKE_PREFIX_PATH=${CMAKE_PREFIX_PATH}:/home/mark/ros_ws/install/my_ros_01:/home/mark/ros_ws/install/my_package:/home/mark/ros_ws/install/lifecycle_py:/opt/ros/humble /usr/bin/cmake --build /home/mark/thesis/build/slam_1_pc-process -- -j4 -l4
