[35m[1mConsolidate compiler generated dependencies of target 3_voxel_grid[0m
[35m[1mConsolidate compiler generated dependencies of target 4_passthrough[0m
[ 16%] Built target 1_import_pcd
[ 33%] Built target 3_voxel_grid
[ 50%] Built target 2_manual_pcd
[35m[1mConsolidate compiler generated dependencies of target 5_segmentation[0m
[ 66%] Built target 4_passthrough
[35m[1mConsolidate compiler generated dependencies of target 6_clustering[0m
[ 75%] [32mBuilding CXX object CMakeFiles/6_clustering.dir/src/6_clustering.cpp.o[0m
[ 91%] Built target 5_segmentation
[01m[K/home/mark/thesis/src/slam_1_pc-process/src/6_clustering.cpp:[m[K In function â€˜[01m[Kint main()[m[Kâ€™:
[01m[K/home/mark/thesis/src/slam_1_pc-process/src/6_clustering.cpp:89:58:[m[K [01;31m[Kerror: [m[Kâ€˜[01m[Kclass std::filesystem::__cxx11::path[m[Kâ€™ has no member named â€˜[01m[Kstr[m[Kâ€™; did you mean â€˜[01m[Kc_str[m[Kâ€™?
   89 |                 export_pcd(cloud_name.str(),path_dir_pcd.[01;31m[Kstr[m[K(),cylinder_cloud);
      |                                                          [01;31m[K^~~[m[K
      |                                                          [32m[Kc_str[m[K
gmake[2]: *** [CMakeFiles/6_clustering.dir/build.make:76: CMakeFiles/6_clustering.dir/src/6_clustering.cpp.o] Error 1
gmake[1]: *** [CMakeFiles/Makefile2:277: CMakeFiles/6_clustering.dir/all] Error 2
gmake: *** [Makefile:146: all] Error 2
