[0.039s] Invoking command in '/home/mark/thesis/build/slam_1_pc-process': CMAKE_PREFIX_PATH=${CMAKE_PREFIX_PATH}:/home/mark/ros_ws/install/my_ros_01:/home/mark/ros_ws/install/my_package:/home/mark/ros_ws/install/lifecycle_py:/opt/ros/humble /usr/bin/cmake --build /home/mark/thesis/build/slam_1_pc-process -- -j4 -l4
[0.304s] [35m[1mConsolidate compiler generated dependencies of target 3_voxel_grid[0m
[0.365s] [35m[1mConsolidate compiler generated dependencies of target 4_passthrough[0m
[0.432s] [ 16%] Built target 1_import_pcd
[0.438s] [ 33%] Built target 3_voxel_grid
[0.442s] [ 50%] Built target 2_manual_pcd
[0.502s] [35m[1mConsolidate compiler generated dependencies of target 5_segmentation[0m
[0.503s] [ 66%] Built target 4_passthrough
[0.504s] [35m[1mConsolidate compiler generated dependencies of target 6_clustering[0m
[0.637s] [ 75%] [32mBuilding CXX object CMakeFiles/6_clustering.dir/src/6_clustering.cpp.o[0m
[0.659s] [ 91%] Built target 5_segmentation
[6.624s] [01m[K/home/mark/thesis/src/slam_1_pc-process/src/6_clustering.cpp:[m[K In function â€˜[01m[Kint main()[m[Kâ€™:
[6.624s] [01m[K/home/mark/thesis/src/slam_1_pc-process/src/6_clustering.cpp:89:58:[m[K [01;31m[Kerror: [m[Kâ€˜[01m[Kclass std::filesystem::__cxx11::path[m[Kâ€™ has no member named â€˜[01m[Kstr[m[Kâ€™; did you mean â€˜[01m[Kc_str[m[Kâ€™?
[6.624s]    89 |                 export_pcd(cloud_name.str(),path_dir_pcd.[01;31m[Kstr[m[K(),cylinder_cloud);
[6.625s]       |                                                          [01;31m[K^~~[m[K
[6.625s]       |                                                          [32m[Kc_str[m[K
[8.333s] gmake[2]: *** [CMakeFiles/6_clustering.dir/build.make:76: CMakeFiles/6_clustering.dir/src/6_clustering.cpp.o] Error 1
[8.333s] gmake[1]: *** [CMakeFiles/Makefile2:277: CMakeFiles/6_clustering.dir/all] Error 2
[8.333s] gmake: *** [Makefile:146: all] Error 2
[8.336s] Invoked command in '/home/mark/thesis/build/slam_1_pc-process' returned '2': CMAKE_PREFIX_PATH=${CMAKE_PREFIX_PATH}:/home/mark/ros_ws/install/my_ros_01:/home/mark/ros_ws/install/my_package:/home/mark/ros_ws/install/lifecycle_py:/opt/ros/humble /usr/bin/cmake --build /home/mark/thesis/build/slam_1_pc-process -- -j4 -l4
