[0.035s] Invoking command in '/home/mark/thesis/build/slam_1_pc-process': CMAKE_PREFIX_PATH=${CMAKE_PREFIX_PATH}:/home/mark/ros_ws/install/my_ros_01:/home/mark/ros_ws/install/my_package:/home/mark/ros_ws/install/lifecycle_py:/opt/ros/humble /usr/bin/cmake --build /home/mark/thesis/build/slam_1_pc-process -- -j4 -l4
[0.171s] [35m[1mConsolidate compiler generated dependencies of target 1_import_pcd[0m
[0.191s] [35m[1mConsolidate compiler generated dependencies of target 3_voxel[0m
[0.203s] [35m[1mConsolidate compiler generated dependencies of target 2_manual_pcd[0m
[0.307s] [ 33%] Built target 1_import_pcd
[0.383s] [ 50%] [32mBuilding CXX object CMakeFiles/3_voxel.dir/src/3_voxel.cpp.o[0m
[0.389s] [ 66%] [32mBuilding CXX object CMakeFiles/2_manual_pcd.dir/src/2_manual_pcd.cpp.o[0m
[6.624s] [01m[K/home/mark/thesis/src/slam_1_pc-process/src/3_voxel.cpp:[m[K In function â€˜[01m[Kint main()[m[Kâ€™:
[6.624s] [01m[K/home/mark/thesis/src/slam_1_pc-process/src/3_voxel.cpp:45:57:[m[K [01;31m[Kerror: [m[Kexpected â€˜[01m[K;[m[Kâ€™ before â€˜[01m[Kreturn[m[Kâ€™
[6.624s]    45 |     cloud_writer.write<PointT>(path_export,*voxel_cloud)
[6.624s]       |                                                         [01;31m[K^[m[K
[6.625s]       |                                                         [32m[K;[m[K
[6.625s]    46 | 
[6.625s]    47 |   [32m[Kreturn[m[K 0;
[6.625s]       |   [32m[K~~~~~~[m[K                                                 
[6.843s] [01m[K/home/mark/thesis/src/slam_1_pc-process/src/2_manual_pcd.cpp:[m[K In function â€˜[01m[Kint main()[m[Kâ€™:
[6.845s] [01m[K/home/mark/thesis/src/slam_1_pc-process/src/2_manual_pcd.cpp:25:37:[m[K [01;31m[Kerror: [m[Kâ€˜[01m[Kvoxel_cloud[m[Kâ€™ was not declared in this scope
[6.845s]    25 |     cloud_writer.write(path_export,*[01;31m[Kvoxel_cloud[m[K)
[6.845s]       |                                     [01;31m[K^~~~~~~~~~~[m[K
[7.395s] gmake[2]: *** [CMakeFiles/2_manual_pcd.dir/build.make:76: CMakeFiles/2_manual_pcd.dir/src/2_manual_pcd.cpp.o] Error 1
[7.395s] gmake[1]: *** [CMakeFiles/Makefile2:167: CMakeFiles/2_manual_pcd.dir/all] Error 2
[7.396s] gmake[1]: *** Waiting for unfinished jobs....
[7.674s] gmake[2]: *** [CMakeFiles/3_voxel.dir/build.make:76: CMakeFiles/3_voxel.dir/src/3_voxel.cpp.o] Error 1
[7.674s] gmake[1]: *** [CMakeFiles/Makefile2:193: CMakeFiles/3_voxel.dir/all] Error 2
[7.675s] gmake: *** [Makefile:146: all] Error 2
[7.678s] Invoked command in '/home/mark/thesis/build/slam_1_pc-process' returned '2': CMAKE_PREFIX_PATH=${CMAKE_PREFIX_PATH}:/home/mark/ros_ws/install/my_ros_01:/home/mark/ros_ws/install/my_package:/home/mark/ros_ws/install/lifecycle_py:/opt/ros/humble /usr/bin/cmake --build /home/mark/thesis/build/slam_1_pc-process -- -j4 -l4
