[0.046s] Invoking command in '/home/mark/thesis/build/slam_1_pc-process': CMAKE_PREFIX_PATH=${CMAKE_PREFIX_PATH}:/home/mark/ros_ws/install/my_ros_01:/home/mark/ros_ws/install/my_package:/home/mark/ros_ws/install/lifecycle_py:/opt/ros/humble /usr/bin/cmake --build /home/mark/thesis/build/slam_1_pc-process -- -j4 -l4
[0.603s] [ 14%] Built target 3_voxel_grid
[0.605s] [ 28%] Built target 4_passthrough
[0.609s] [ 42%] Built target 2_manual_pcd
[0.626s] [ 57%] Built target 1_import_pcd
[0.762s] [ 71%] Built target 5_segmentation
[0.766s] [ 78%] [32mBuilding CXX object CMakeFiles/7_kitti_voxel.dir/src/7_kitti_voxel.cpp.o[0m
[0.788s] [ 92%] Built target 6_clustering
[0.865s] [01m[Kcc1plus:[m[K [01;31m[Kfatal error: [m[K/home/mark/thesis/src/slam_1_pc-process/src/7_kitti_voxel.cpp: No such file or directory
[0.867s] compilation terminated.
[0.874s] gmake[2]: *** [CMakeFiles/7_kitti_voxel.dir/build.make:76: CMakeFiles/7_kitti_voxel.dir/src/7_kitti_voxel.cpp.o] Error 1
[0.874s] gmake[1]: *** [CMakeFiles/Makefile2:305: CMakeFiles/7_kitti_voxel.dir/all] Error 2
[0.874s] gmake: *** [Makefile:146: all] Error 2
[0.880s] Invoked command in '/home/mark/thesis/build/slam_1_pc-process' returned '2': CMAKE_PREFIX_PATH=${CMAKE_PREFIX_PATH}:/home/mark/ros_ws/install/my_ros_01:/home/mark/ros_ws/install/my_package:/home/mark/ros_ws/install/lifecycle_py:/opt/ros/humble /usr/bin/cmake --build /home/mark/thesis/build/slam_1_pc-process -- -j4 -l4
