[0.033s] Invoking command in '/home/mark/thesis/build/slam_1_pc-process': CMAKE_PREFIX_PATH=${CMAKE_PREFIX_PATH}:/home/mark/ros_ws/install/my_ros_01:/home/mark/ros_ws/install/my_package:/home/mark/ros_ws/install/lifecycle_py:/opt/ros/humble /usr/bin/cmake --build /home/mark/thesis/build/slam_1_pc-process -- -j4 -l4
[0.181s] [35m[1mConsolidate compiler generated dependencies of target 3_voxel[0m
[0.224s] [35m[1mConsolidate compiler generated dependencies of target 2_manual_pcd[0m
[0.265s] [ 33%] Built target 1_import_pcd
[0.267s] [ 50%] [32mBuilding CXX object CMakeFiles/3_voxel.dir/src/3_voxel.cpp.o[0m
[0.342s] [ 66%] [32mBuilding CXX object CMakeFiles/2_manual_pcd.dir/src/2_manual_pcd.cpp.o[0m
[7.231s] [01m[K/home/mark/thesis/src/slam_1_pc-process/src/3_voxel.cpp:[m[K In function â€˜[01m[Kint main()[m[Kâ€™:
[7.231s] [01m[K/home/mark/thesis/src/slam_1_pc-process/src/3_voxel.cpp:45:57:[m[K [01;31m[Kerror: [m[Kexpected â€˜[01m[K;[m[Kâ€™ before â€˜[01m[Kreturn[m[Kâ€™
[7.231s]    45 |     cloud_writer.write<PointT>(path_export,*voxel_cloud)
[7.231s]       |                                                         [01;31m[K^[m[K
[7.232s]       |                                                         [32m[K;[m[K
[7.232s]    46 | 
[7.232s]    47 |   [32m[Kreturn[m[K 0;
[7.232s]       |   [32m[K~~~~~~[m[K                                                 
[7.823s] [ 83%] [32m[1mLinking CXX executable 2_manual_pcd[0m
[8.000s] gmake[2]: *** [CMakeFiles/3_voxel.dir/build.make:76: CMakeFiles/3_voxel.dir/src/3_voxel.cpp.o] Error 1
[8.000s] gmake[1]: *** [CMakeFiles/Makefile2:193: CMakeFiles/3_voxel.dir/all] Error 2
[8.001s] gmake[1]: *** Waiting for unfinished jobs....
[8.731s] [ 83%] Built target 2_manual_pcd
[8.733s] gmake: *** [Makefile:146: all] Error 2
[8.736s] Invoked command in '/home/mark/thesis/build/slam_1_pc-process' returned '2': CMAKE_PREFIX_PATH=${CMAKE_PREFIX_PATH}:/home/mark/ros_ws/install/my_ros_01:/home/mark/ros_ws/install/my_package:/home/mark/ros_ws/install/lifecycle_py:/opt/ros/humble /usr/bin/cmake --build /home/mark/thesis/build/slam_1_pc-process -- -j4 -l4
